<?xml version="1.0" encoding="UTF-8"?>
<testng-results ignored="0" total="1" passed="1" failed="0" skipped="0">
  <reporter-output>
  </reporter-output>
  <suite started-at="2024-01-07T13:22:33Z" name="Default suite" finished-at="2024-01-07T13:22:36Z" duration-ms="3005">
    <groups>
    </groups>
    <test started-at="2024-01-07T13:22:33Z" name="Default test" finished-at="2024-01-07T13:22:36Z" duration-ms="3005">
      <class name="Paramext.extrprts.Extentreportsex">
        <test-method is-config="true" signature="config()[pri:0, instance:Paramext.extrprts.Extentreportsex@303cf2ba]" started-at="2024-01-07T13:22:33Z" name="config" finished-at="2024-01-07T13:22:33Z" duration-ms="155" status="PASS">
          <reporter-output>
          </reporter-output>
        </test-method> <!-- config -->
        <test-method signature="initialDemo()[pri:0, instance:Paramext.extrprts.Extentreportsex@303cf2ba]" started-at="2024-01-07T13:22:33Z" name="initialDemo" finished-at="2024-01-07T13:22:36Z" duration-ms="2840" status="PASS">
          <reporter-output>
          </reporter-output>
        </test-method> <!-- initialDemo -->
      </class> <!-- Paramext.extrprts.Extentreportsex -->
    </test> <!-- Default test -->
  </suite> <!-- Default suite -->
</testng-results>
